*design* DebussyLib (btIdent Verdi_O-2018.09-SP2)
Command arguments:
    +define+verilog
    -sv
    -f flist
        ./../design/Defines.sv
        ./../design/tick_generator.sv
        ./../design/uart_rx_BB.sv
        ./../design/uart_transmitter.sv
        ./../design/apb_uart.sv
        ./../design/apb_slave.sv
        ./../design/apb_uart_top.sv
        ./../uvm_tb/apbinterface.sv
        ./../uvm_tb/uartinterface.sv
        ./../uvm_tb/apb_transaction.sv
        ./../uvm_tb/uart_transaction.sv
        ./../uvm_tb/uart_config.sv
        ./../uvm_tb/clk_config.sv
        ./../uvm_tb/apb_config.sv
        ./../uvm_tb/clk_sequencer.sv
        ./../uvm_tb/clk_transaction.sv
        ./../uvm_tb/clk_rst_pkg.sv
        ./../uvm_tb/clk_sequence.sv
        ./../uvm_tb/clkinterface.sv
        ./../uvm_tb/clk_driver.sv
        ./../uvm_tb/clk_monitor.sv
        ./../uvm_tb/clk_agent.sv
        ./../uvm_tb/apb_sequence.sv
        ./../uvm_tb/uart_sequence.sv
        ./../uvm_tb/apb_sequencer.sv
        ./../uvm_tb/uart_sequencer.sv
        ./../uvm_tb/apbuart_vsequencer.sv
        ./../uvm_tb/apbuart_vseq_base.sv
        ./../uvm_tb/apb_driver.sv
        ./../uvm_tb/uart_driver.sv
        ./../uvm_tb/apb_monitor.sv
        ./../uvm_tb/uart_monitor.sv
        ./../uvm_tb/apb_agent.sv
        ./../uvm_tb/uart_agent.sv
        ./../uvm_tb/apbuart_scoreboard.sv
        ./../uvm_tb/apbuart_environment.sv
        ./../uvm_tb/apbuart_base_test.sv
        ./../uvm_tb/apbuart_property.sv
        ./../uvm_tb/testbench.sv
        ./../uvm_tb/apbuart_config_test.sv
        ./../uvm_tb/apbuart_data_compare_test.sv
        ./../uvm_tb/apbuart_parity_error_test.sv
        ./../uvm_tb/apbuart_frame_error_test.sv
        ./../uvm_tb/apbuart_free_error_test.sv
        ./../uvm_tb/apbuart_rec_drv_test.sv
        ./../uvm_tb/apbuart_rec_readreg_test.sv
    verilog.fsdb


*Error* `include file "uvm_macros.svh" cannot be read
"./../uvm_tb/apb_transaction.sv", 2: 

*Error* failed to find the package 'uvm_pkg'.
"./../uvm_tb/apb_transaction.sv", 3: 

*Warning* failed to find the class 'uvm_sequence_item'.
"./../uvm_tb/apb_transaction.sv", 5: 

*Error* macro `uvm_object_utils_begin not defined
"./../uvm_tb/apb_transaction.sv", 24: 

*Error* macro `uvm_field_int not defined
"./../uvm_tb/apb_transaction.sv", 25: 

*Error* macro `uvm_field_int not defined
"./../uvm_tb/apb_transaction.sv", 26: 

*Error* macro `uvm_field_int not defined
"./../uvm_tb/apb_transaction.sv", 27: 

*Error* macro `uvm_field_int not defined
"./../uvm_tb/apb_transaction.sv", 28: 

*Error* macro `uvm_field_int not defined
"./../uvm_tb/apb_transaction.sv", 29: 

*Error* macro `uvm_field_int not defined
"./../uvm_tb/apb_transaction.sv", 30: 

*Error* macro `uvm_object_utils_end not defined
"./../uvm_tb/apb_transaction.sv", 31: 

*Error* `include file "uvm_macros.svh" cannot be read
"./../uvm_tb/uart_transaction.sv", 1: 

*Error* failed to find the package 'uvm_pkg'.
"./../uvm_tb/uart_transaction.sv", 2: 

*Warning* failed to find the class 'uvm_sequence_item'.
"./../uvm_tb/uart_transaction.sv", 4: 

*Error* macro `uvm_object_utils_begin not defined
"./../uvm_tb/uart_transaction.sv", 25: 

*Error* macro `uvm_field_int not defined
"./../uvm_tb/uart_transaction.sv", 26: 

*Error* macro `uvm_field_int not defined
"./../uvm_tb/uart_transaction.sv", 27: 

*Error* macro `uvm_field_int not defined
"./../uvm_tb/uart_transaction.sv", 28: 

*Error* macro `uvm_field_int not defined
"./../uvm_tb/uart_transaction.sv", 29: 

*Error* macro `uvm_field_int not defined
"./../uvm_tb/uart_transaction.sv", 30: 

*Error* macro `uvm_field_int not defined
"./../uvm_tb/uart_transaction.sv", 31: 

*Error* macro `uvm_object_utils_end not defined
"./../uvm_tb/uart_transaction.sv", 32: 

*Error* macro `uvm_error not defined
"./../uvm_tb/uart_transaction.sv", 94: 

*Error* Syntax error at )
"./../uvm_tb/uart_transaction.sv", 94: 

*Warning* failed to find the class 'uvm_object'.
"./../uvm_tb/uart_config.sv", 2: 

*Error* Syntax error at is_active
"./../uvm_tb/uart_config.sv", 21: 

*Error* macro `uvm_object_utils_begin not defined
"./../uvm_tb/uart_config.sv", 23: 

*Error* macro `uvm_field_int not defined
"./../uvm_tb/uart_config.sv", 24: 

*Error* macro `uvm_field_int not defined
"./../uvm_tb/uart_config.sv", 25: 

*Error* macro `uvm_field_int not defined
"./../uvm_tb/uart_config.sv", 26: 

*Error* macro `uvm_field_int not defined
"./../uvm_tb/uart_config.sv", 27: 

*Error* macro `uvm_field_int not defined
"./../uvm_tb/uart_config.sv", 28: 

*Error* macro `uvm_field_enum not defined
"./../uvm_tb/uart_config.sv", 29: 

*Error* macro `uvm_object_utils_end not defined
"./../uvm_tb/uart_config.sv", 30: 

*Warning* failed to find the class 'uvm_object'.
"./../uvm_tb/clk_config.sv", 1: 

*Error* Syntax error at is_active
"./../uvm_tb/clk_config.sv", 6: 

*Error* macro `uvm_object_utils_begin not defined
"./../uvm_tb/clk_config.sv", 8: 

*Error* macro `uvm_field_enum not defined
"./../uvm_tb/clk_config.sv", 9: 

*Error* macro `uvm_object_utils_end not defined
"./../uvm_tb/clk_config.sv", 10: 

*Warning* failed to find the class 'uvm_object'.
"./../uvm_tb/apb_config.sv", 8: 

*Error* Syntax error at is_active
"./../uvm_tb/apb_config.sv", 14: 

*Error* macro `uvm_object_utils_begin not defined
"./../uvm_tb/apb_config.sv", 17: 

*Error* macro `uvm_field_int not defined
"./../uvm_tb/apb_config.sv", 18: 

*Error* macro `uvm_field_int not defined
"./../uvm_tb/apb_config.sv", 19: 

*Error* macro `uvm_field_enum not defined
"./../uvm_tb/apb_config.sv", 20: 

*Error* macro `uvm_object_utils_end not defined
"./../uvm_tb/apb_config.sv", 21: 

*Warning* failed to find the class 'uvm_sequencer'.
"./../uvm_tb/clk_sequencer.sv", 2: 

*Warning* 'uvm_sequencer' is not a parameter type.
"./../uvm_tb/clk_sequencer.sv", 2: 

*Error* macro `uvm_component_utils_begin not defined
"./../uvm_tb/clk_sequencer.sv", 9: 

*Error* macro `uvm_component_utils_end not defined
"./../uvm_tb/clk_sequencer.sv", 10: 

*Error* Syntax error at parent
"./../uvm_tb/clk_sequencer.sv", 12: 

*Error* macro `uvm_fatal not defined
"./../uvm_tb/clk_sequencer.sv", 15: 

*Error* Syntax error at phase
"./../uvm_tb/clk_sequencer.sv", 21: 

*Error* macro `uvm_fatal not defined
"./../uvm_tb/clk_sequencer.sv", 24: 

*Error* Syntax error at ".clk_cfg"
"./../uvm_tb/clk_sequencer.sv", 24: 

*Error* macro `uvm_fatal not defined
"./../uvm_tb/clk_sequencer.sv", 26: 

*Error* Syntax error at ".vifclk"
"./../uvm_tb/clk_sequencer.sv", 26: 

*Warning* failed to find the class 'uvm_sequence_item'.
"./../uvm_tb/clk_transaction.sv", 1: 

*Error* macro `uvm_declare_p_sequencer not defined
"./../uvm_tb/clk_transaction.sv", 10: 

*Error* macro `uvm_object_utils_begin not defined
"./../uvm_tb/clk_transaction.sv", 11: 

*Error* macro `uvm_field_enum not defined
"./../uvm_tb/clk_transaction.sv", 12: 

*Error* macro `uvm_field_real not defined
"./../uvm_tb/clk_transaction.sv", 13: 

*Error* macro `uvm_field_real not defined
"./../uvm_tb/clk_transaction.sv", 14: 

*Error* macro `uvm_field_real not defined
"./../uvm_tb/clk_transaction.sv", 15: 

*Error* macro `uvm_object_utils_end not defined
"./../uvm_tb/clk_transaction.sv", 16: 

*Error* Syntax error at super
"./../uvm_tb/clk_transaction.sv", 30: 

*Error* failed to find the package 'uvm_pkg'.
"./../uvm_tb/clk_rst_pkg.sv", 3: 

*Error* macro `uvm_fatal not defined
"./../uvm_tb/clk_rst_pkg.sv", 10: 

*Error* macro `uvm_fatal not defined
"./../uvm_tb/clk_rst_pkg.sv", 26: 

*Warning* failed to find the class 'uvm_sequence'.
"./../uvm_tb/clk_sequence.sv", 1: 

*Warning* 'uvm_sequence' is not a parameter type.
"./../uvm_tb/clk_sequence.sv", 1: 

*Error* macro `uvm_declare_p_sequencer not defined
"./../uvm_tb/clk_sequence.sv", 3: 

*Error* Syntax error at starting_phase
"./../uvm_tb/clk_sequence.sv", 10: 

*Error* macro `uvm_info not defined
"./../uvm_tb/clk_sequence.sv", 12: 

*Error* Syntax error at ,
"./../uvm_tb/clk_sequence.sv", 15: 

*Error* Syntax error at starting_phase
"./../uvm_tb/clk_sequence.sv", 21: 

*Error* macro `uvm_info not defined
"./../uvm_tb/clk_sequence.sv", 23: 

*Error* Syntax error at ,
"./../uvm_tb/clk_sequence.sv", 26: 

*Error* macro `uvm_fatal not defined
"./../uvm_tb/clk_sequence.sv", 46: 

*Error* Syntax error at "Failed to randomize sequence item"
"./../uvm_tb/clk_sequence.sv", 46: 

*Error* macro `uvm_object_utils_begin not defined
"./../uvm_tb/clk_sequence.sv", 58: 

*Error* macro `uvm_field_int not defined
"./../uvm_tb/clk_sequence.sv", 59: 

*Error* macro `uvm_field_int not defined
"./../uvm_tb/clk_sequence.sv", 60: 

*Error* macro `uvm_object_utils_end not defined
"./../uvm_tb/clk_sequence.sv", 61: 

*Error* macro `uvm_object_utils_begin not defined
"./../uvm_tb/clk_sequence.sv", 100: 

*Error* macro `uvm_field_real not defined
"./../uvm_tb/clk_sequence.sv", 101: 

*Error* macro `uvm_object_utils_end not defined
"./../uvm_tb/clk_sequence.sv", 102: 

*Error* Syntax error at this
"./../uvm_tb/clk_sequence.sv", 135: 

*Error* Syntax error at this
"./../uvm_tb/clk_sequence.sv", 136: 

*Error* macro `uvm_object_utils_begin not defined
"./../uvm_tb/clk_sequence.sv", 139: 

*Error* macro `uvm_field_real not defined
"./../uvm_tb/clk_sequence.sv", 140: 

*Error* macro `uvm_object_utils_end not defined
"./../uvm_tb/clk_sequence.sv", 141: 

*Warning* failed to find the class 'uvm_driver'.
"./../uvm_tb/clk_driver.sv", 1: 

*Warning* 'uvm_driver' is not a parameter type.
"./../uvm_tb/clk_driver.sv", 1: 

*Error* macro `uvm_component_utils_begin not defined
"./../uvm_tb/clk_driver.sv", 11: 

*Error* macro `uvm_component_utils_end not defined
"./../uvm_tb/clk_driver.sv", 12: 

*Error* Syntax error at parent
"./../uvm_tb/clk_driver.sv", 14: 

*Error* macro `uvm_fatal not defined
"./../uvm_tb/clk_driver.sv", 17: 

*Error* Syntax error at phase
"./../uvm_tb/clk_driver.sv", 21: 

*Error* macro `uvm_fatal not defined
"./../uvm_tb/clk_driver.sv", 24: 

*Error* Syntax error at ".clk_cfg"
"./../uvm_tb/clk_driver.sv", 24: 

*Error* macro `uvm_fatal not defined
"./../uvm_tb/clk_driver.sv", 26: 

*Error* Syntax error at ".vifclk"
"./../uvm_tb/clk_driver.sv", 26: 

*Error* Syntax error at phase
"./../uvm_tb/clk_driver.sv", 30: 

*Error* Syntax error at phase
"./../uvm_tb/clk_driver.sv", 41: 

*Error* macro `uvm_fatal not defined
"./../uvm_tb/clk_driver.sv", 48: 

*Error* Syntax error at )
"./../uvm_tb/clk_driver.sv", 48: 

*Warning* failed to find the class 'uvm_monitor'.
"./../uvm_tb/clk_monitor.sv", 2: 

*Error* Syntax error at #
"./../uvm_tb/clk_monitor.sv", 15: 

*Error* macro `uvm_component_utils not defined
"./../uvm_tb/clk_monitor.sv", 17: 

*Error* Syntax error at parent
"./../uvm_tb/clk_monitor.sv", 19: 

*Error* Syntax error at phase
"./../uvm_tb/clk_monitor.sv", 24: 

*Error* Syntax error at super
"./../uvm_tb/clk_monitor.sv", 25: 

*Error* macro `uvm_fatal not defined
"./../uvm_tb/clk_monitor.sv", 27: 

*Error* Syntax error at ".clk_cfg"
"./../uvm_tb/clk_monitor.sv", 27: 

*Error* macro `uvm_fatal not defined
"./../uvm_tb/clk_monitor.sv", 29: 

*Error* Syntax error at ".vifclk"
"./../uvm_tb/clk_monitor.sv", 29: 

*Error* Syntax error at phase
"./../uvm_tb/clk_monitor.sv", 33: 

*Error* macro `uvm_fatal not defined
"./../uvm_tb/clk_monitor.sv", 38: 

*Error* Syntax error at )
"./../uvm_tb/clk_monitor.sv", 38: 

*Error* macro `uvm_info not defined
"./../uvm_tb/clk_monitor.sv", 58: 

*Error* Syntax error at ,
"./../uvm_tb/clk_monitor.sv", 58: 

*Error* macro `uvm_info not defined
"./../uvm_tb/clk_monitor.sv", 73: 

*Error* Syntax error at ,
"./../uvm_tb/clk_monitor.sv", 73: 

*Error* macro `uvm_info not defined
"./../uvm_tb/clk_monitor.sv", 79: 

*Error* Syntax error at ,
"./../uvm_tb/clk_monitor.sv", 79: 

*Warning* failed to find the class 'uvm_agent'.
"./../uvm_tb/clk_agent.sv", 1: 

*Error* macro `uvm_component_utils_begin not defined
"./../uvm_tb/clk_agent.sv", 10: 

*Error* macro `uvm_component_utils_end not defined
"./../uvm_tb/clk_agent.sv", 11: 

*Error* Syntax error at parent
"./../uvm_tb/clk_agent.sv", 13: 

*Error* macro `uvm_fatal not defined
"./../uvm_tb/clk_agent.sv", 16: 

*Error* Syntax error at ".clk_cfg"
"./../uvm_tb/clk_agent.sv", 16: 

*Error* macro `uvm_fatal not defined
"./../uvm_tb/clk_agent.sv", 18: 

*Error* Syntax error at ".vifclk"
"./../uvm_tb/clk_agent.sv", 18: 

*Error* macro `uvm_fatal not defined
"./../uvm_tb/clk_agent.sv", 20: 

*Error* Syntax error at phase
"./../uvm_tb/clk_agent.sv", 24: 

*Error* Syntax error at super
"./../uvm_tb/clk_agent.sv", 25: 

*Error* Syntax error at phase
"./../uvm_tb/clk_agent.sv", 42: 

*Error* Syntax error at super
"./../uvm_tb/clk_agent.sv", 43: 

*Warning* failed to find the class 'uvm_sequence'.
"./../uvm_tb/apb_sequence.sv", 1: 

*Warning* 'uvm_sequence' is not a parameter type.
"./../uvm_tb/apb_sequence.sv", 1: 

*Error* macro `uvm_object_utils not defined
"./../uvm_tb/apb_sequence.sv", 2: 

*Warning* failed to find the class 'uvm_sequence'.
"./../uvm_tb/apb_sequence.sv", 15: 

*Warning* 'uvm_sequence' is not a parameter type.
"./../uvm_tb/apb_sequence.sv", 15: 

*Error* macro `uvm_object_utils not defined
"./../uvm_tb/apb_sequence.sv", 17: 

*Warning* failed to find the class 'uvm_sequence'.
"./../uvm_tb/apb_sequence.sv", 28: 

*Warning* 'uvm_sequence' is not a parameter type.
"./../uvm_tb/apb_sequence.sv", 28: 

*Error* macro `uvm_object_utils not defined
"./../uvm_tb/apb_sequence.sv", 29: 

*Error* macro `uvm_do_with not defined
"./../uvm_tb/apb_sequence.sv", 45: 

*Error* macro `uvm_do_with not defined
"./../uvm_tb/apb_sequence.sv", 49: 

*Error* macro `uvm_do_with not defined
"./../uvm_tb/apb_sequence.sv", 53: 

*Error* macro `uvm_do_with not defined
"./../uvm_tb/apb_sequence.sv", 57: 

*Error* macro `uvm_do_with not defined
"./../uvm_tb/apb_sequence.sv", 61: 

*Error* macro `uvm_do_with not defined
"./../uvm_tb/apb_sequence.sv", 65: 

*Error* macro `uvm_do_with not defined
"./../uvm_tb/apb_sequence.sv", 70: 

*Error* macro `uvm_do_with not defined
"./../uvm_tb/apb_sequence.sv", 74: 

*Error* macro `uvm_do_with not defined
"./../uvm_tb/apb_sequence.sv", 84: 

*Error* macro `uvm_do_with not defined
"./../uvm_tb/apb_sequence.sv", 94: 

*Warning* failed to find the class 'uvm_sequence'.
"./../uvm_tb/uart_sequence.sv", 1: 

*Warning* 'uvm_sequence' is not a parameter type.
"./../uvm_tb/uart_sequence.sv", 1: 

*Error* macro `uvm_object_utils not defined
"./../uvm_tb/uart_sequence.sv", 2: 

*Warning* failed to find the class 'uvm_sequence'.
"./../uvm_tb/uart_sequence.sv", 12: 

*Warning* 'uvm_sequence' is not a parameter type.
"./../uvm_tb/uart_sequence.sv", 12: 

*Error* macro `uvm_object_utils not defined
"./../uvm_tb/uart_sequence.sv", 13: 

*Warning* failed to find the class 'uvm_sequence'.
"./../uvm_tb/uart_sequence.sv", 23: 

*Warning* 'uvm_sequence' is not a parameter type.
"./../uvm_tb/uart_sequence.sv", 23: 

*Error* macro `uvm_object_utils not defined
"./../uvm_tb/uart_sequence.sv", 24: 

*Warning* failed to find the class 'uvm_sequence'.
"./../uvm_tb/uart_sequence.sv", 34: 

*Warning* 'uvm_sequence' is not a parameter type.
"./../uvm_tb/uart_sequence.sv", 34: 

*Error* macro `uvm_object_utils not defined
"./../uvm_tb/uart_sequence.sv", 35: 

*Error* macro `uvm_do_with not defined
"./../uvm_tb/uart_sequence.sv", 47: 

*Error* macro `uvm_do_with not defined
"./../uvm_tb/uart_sequence.sv", 54: 

*Error* macro `uvm_do_with not defined
"./../uvm_tb/uart_sequence.sv", 62: 

*Error* macro `uvm_do_with not defined
"./../uvm_tb/uart_sequence.sv", 70: 

*Warning* failed to find the class 'uvm_sequencer'.
"./../uvm_tb/apb_sequencer.sv", 1: 

*Warning* 'uvm_sequencer' is not a parameter type.
"./../uvm_tb/apb_sequencer.sv", 1: 

*Error* macro `uvm_component_utils not defined
"./../uvm_tb/apb_sequencer.sv", 3: 

*Error* Syntax error at parent
"./../uvm_tb/apb_sequencer.sv", 7: 

*Warning* failed to find the class 'uvm_sequencer'.
"./../uvm_tb/uart_sequencer.sv", 1: 

*Warning* 'uvm_sequencer' is not a parameter type.
"./../uvm_tb/uart_sequencer.sv", 1: 

*Error* macro `uvm_component_utils not defined
"./../uvm_tb/uart_sequencer.sv", 3: 

*Error* Syntax error at parent
"./../uvm_tb/uart_sequencer.sv", 7: 

*Warning* failed to find the class 'uvm_sequencer'.
"./../uvm_tb/apbuart_vsequencer.sv", 1: 

*Error* macro `uvm_component_utils not defined
"./../uvm_tb/apbuart_vsequencer.sv", 2: 

*Error* Syntax error at parent
"./../uvm_tb/apbuart_vsequencer.sv", 7: 

*Error* Syntax error at phase
"./../uvm_tb/apbuart_vsequencer.sv", 11: 

*Error* Syntax error at phase
"./../uvm_tb/apbuart_vsequencer.sv", 14: 

*Error* Syntax error at super
"./../uvm_tb/apbuart_vsequencer.sv", 15: 

*Error* macro `uvm_fatal not defined
"./../uvm_tb/apbuart_vsequencer.sv", 17: 

*Error* macro `uvm_fatal not defined
"./../uvm_tb/apbuart_vsequencer.sv", 19: 

*Error* Syntax error at endfunction
"./../uvm_tb/apbuart_vsequencer.sv", 20: 

*Error* Syntax error at class
"./../uvm_tb/apbuart_vseq_base.sv", 1: 

*Error* macro `uvm_object_utils not defined
"./../uvm_tb/apbuart_vseq_base.sv", 3: 

*Error* macro `uvm_declare_p_sequencer not defined
"./../uvm_tb/apbuart_vseq_base.sv", 4: 

*Error* Syntax error at function
"./../uvm_tb/apbuart_vseq_base.sv", 9: 

*Error* Syntax error at super
"./../uvm_tb/apbuart_vseq_base.sv", 10: 

*Error* Syntax error at endfunction
"./../uvm_tb/apbuart_vseq_base.sv", 11: 

*Error* Syntax error at task
"./../uvm_tb/apbuart_vseq_base.sv", 13: 

*Error* Syntax error at endclass
"./../uvm_tb/apbuart_vseq_base.sv", 14: 

*Warning* failed to find the class 'vseq_base'.
"./../uvm_tb/apbuart_vseq_base.sv", 16: 

*Error* macro `uvm_object_utils not defined
"./../uvm_tb/apbuart_vseq_base.sv", 17: 

*Warning* failed to find the class 'vseq_base'.
"./../uvm_tb/apbuart_vseq_base.sv", 26: 

*Error* macro `uvm_object_utils not defined
"./../uvm_tb/apbuart_vseq_base.sv", 27: 

*Warning* failed to find the class 'vseq_base'.
"./../uvm_tb/apbuart_vseq_base.sv", 36: 

*Error* macro `uvm_object_utils not defined
"./../uvm_tb/apbuart_vseq_base.sv", 37: 

*Warning* failed to find the class 'vseq_base'.
"./../uvm_tb/apbuart_vseq_base.sv", 46: 

*Error* macro `uvm_object_utils not defined
"./../uvm_tb/apbuart_vseq_base.sv", 47: 

*Warning* failed to find the class 'vseq_base'.
"./../uvm_tb/apbuart_vseq_base.sv", 56: 

*Error* macro `uvm_object_utils not defined
"./../uvm_tb/apbuart_vseq_base.sv", 57: 

*Warning* failed to find the class 'vseq_base'.
"./../uvm_tb/apbuart_vseq_base.sv", 66: 

*Error* macro `uvm_object_utils not defined
"./../uvm_tb/apbuart_vseq_base.sv", 67: 

*Warning* failed to find the class 'vseq_base'.
"./../uvm_tb/apbuart_vseq_base.sv", 76: 

*Error* macro `uvm_object_utils not defined
"./../uvm_tb/apbuart_vseq_base.sv", 77: 

*Error* failed to find symbol 'vseq_base'
"./../uvm_tb/apbuart_vseq_base.sv", 86: 

*Error* Syntax error at super
"./../uvm_tb/apbuart_vseq_base.sv", 93: 

*Error* macro `uvm_info not defined
"./../uvm_tb/apbuart_vseq_base.sv", 94: 

*Error* macro `uvm_do_on not defined
"./../uvm_tb/apbuart_vseq_base.sv", 95: 

*Error* macro `uvm_info not defined
"./../uvm_tb/apbuart_vseq_base.sv", 96: 

*Error* Syntax error at super
"./../uvm_tb/apbuart_vseq_base.sv", 101: 

*Error* macro `uvm_info not defined
"./../uvm_tb/apbuart_vseq_base.sv", 102: 

*Error* macro `uvm_do_on not defined
"./../uvm_tb/apbuart_vseq_base.sv", 103: 

*Error* macro `uvm_info not defined
"./../uvm_tb/apbuart_vseq_base.sv", 104: 

*Error* Syntax error at super
"./../uvm_tb/apbuart_vseq_base.sv", 109: 

*Error* macro `uvm_info not defined
"./../uvm_tb/apbuart_vseq_base.sv", 110: 

*Error* macro `uvm_do_on not defined
"./../uvm_tb/apbuart_vseq_base.sv", 111: 

*Error* macro `uvm_info not defined
"./../uvm_tb/apbuart_vseq_base.sv", 112: 

*Error* Syntax error at super
"./../uvm_tb/apbuart_vseq_base.sv", 117: 

*Error* macro `uvm_info not defined
"./../uvm_tb/apbuart_vseq_base.sv", 118: 

*Error* macro `uvm_do_on not defined
"./../uvm_tb/apbuart_vseq_base.sv", 119: 

*Error* macro `uvm_info not defined
"./../uvm_tb/apbuart_vseq_base.sv", 120: 

*Error* Syntax error at super
"./../uvm_tb/apbuart_vseq_base.sv", 125: 

*Error* macro `uvm_info not defined
"./../uvm_tb/apbuart_vseq_base.sv", 126: 

*Error* macro `uvm_do_on not defined
"./../uvm_tb/apbuart_vseq_base.sv", 127: 

*Error* macro `uvm_info not defined
"./../uvm_tb/apbuart_vseq_base.sv", 128: 

*Error* Syntax error at super
"./../uvm_tb/apbuart_vseq_base.sv", 133: 

*Error* macro `uvm_info not defined
"./../uvm_tb/apbuart_vseq_base.sv", 134: 

*Error* macro `uvm_do_on not defined
"./../uvm_tb/apbuart_vseq_base.sv", 135: 

*Error* macro `uvm_info not defined
"./../uvm_tb/apbuart_vseq_base.sv", 136: 

*Error* Syntax error at super
"./../uvm_tb/apbuart_vseq_base.sv", 141: 

*Error* macro `uvm_info not defined
"./../uvm_tb/apbuart_vseq_base.sv", 142: 

*Error* macro `uvm_do_on not defined
"./../uvm_tb/apbuart_vseq_base.sv", 143: 

*Error* macro `uvm_info not defined
"./../uvm_tb/apbuart_vseq_base.sv", 144: 

*Warning* failed to find the class 'uvm_driver'.
"./../uvm_tb/apb_driver.sv", 3: 

*Warning* 'uvm_driver' is not a parameter type.
"./../uvm_tb/apb_driver.sv", 3: 

*Error* macro `uvm_component_utils not defined
"./../uvm_tb/apb_driver.sv", 4: 

*Error* Syntax error at parent
"./../uvm_tb/apb_driver.sv", 10: 

*Error* Syntax error at phase
"./../uvm_tb/apb_driver.sv", 14: 

*Error* Syntax error at phase
"./../uvm_tb/apb_driver.sv", 15: 

*Error* Syntax error at phase
"./../uvm_tb/apb_driver.sv", 16: 

*Error* Syntax error at phase
"./../uvm_tb/apb_driver.sv", 24: 

*Error* macro `uvm_fatal not defined
"./../uvm_tb/apb_driver.sv", 27: 

*Error* Syntax error at ".cfg"
"./../uvm_tb/apb_driver.sv", 27: 

*Error* macro `uvm_fatal not defined
"./../uvm_tb/apb_driver.sv", 29: 

*Error* Syntax error at ".cfg"
"./../uvm_tb/apb_driver.sv", 29: 

*Error* Syntax error at phase
"./../uvm_tb/apb_driver.sv", 35: 

*Error* macro `uvm_fatal not defined
"./../uvm_tb/apb_driver.sv", 38: 

*Error* Syntax error at ".vifapb"
"./../uvm_tb/apb_driver.sv", 38: 

*Error* Syntax error at phase
"./../uvm_tb/apb_driver.sv", 44: 

*Error* macro `uvm_info not defined
"./../uvm_tb/apb_driver.sv", 56: 

*Error* Syntax error at ,
"./../uvm_tb/apb_driver.sv", 56: 

*Error* Syntax error at end
"./../uvm_tb/apb_driver.sv", 58: 

*Error* Syntax error at endtask
"./../uvm_tb/apb_driver.sv", 59: 

*Warning* failed to find the class 'uvm_driver'.
"./../uvm_tb/uart_driver.sv", 3: 

*Warning* 'uvm_driver' is not a parameter type.
"./../uvm_tb/uart_driver.sv", 3: 

*Error* macro `uvm_component_utils not defined
"./../uvm_tb/uart_driver.sv", 4: 

*Error* Syntax error at parent
"./../uvm_tb/uart_driver.sv", 10: 

*Error* Syntax error at #
"./../uvm_tb/uart_driver.sv", 14: 

*Error* Syntax error at phase
"./../uvm_tb/uart_driver.sv", 19: 

*Error* Syntax error at phase
"./../uvm_tb/uart_driver.sv", 20: 

*Error* Syntax error at phase
"./../uvm_tb/uart_driver.sv", 24: 

*Error* Syntax error at phase
"./../uvm_tb/uart_driver.sv", 32: 

*Error* macro `uvm_fatal not defined
"./../uvm_tb/uart_driver.sv", 35: 

*Error* Syntax error at ".cfg"
"./../uvm_tb/uart_driver.sv", 35: 

*Error* Syntax error at phase
"./../uvm_tb/uart_driver.sv", 43: 

*Error* macro `uvm_fatal not defined
"./../uvm_tb/uart_driver.sv", 46: 

*Error* Syntax error at ".vifuart"
"./../uvm_tb/uart_driver.sv", 46: 

*Error* Syntax error at phase
"./../uvm_tb/uart_driver.sv", 52: 

*Error* macro `uvm_error not defined
"./../uvm_tb/uart_driver.sv", 66: 

*Error* Syntax error at )
"./../uvm_tb/uart_driver.sv", 66: 

*Error* macro `uvm_info not defined
"./../uvm_tb/uart_driver.sv", 118: 

*Error* Syntax error at ,
"./../uvm_tb/uart_driver.sv", 118: 

*Error* macro `uvm_info not defined
"./../uvm_tb/uart_driver.sv", 138: 

*Error* Syntax error at ,
"./../uvm_tb/uart_driver.sv", 138: 

*Error* macro `uvm_info not defined
"./../uvm_tb/uart_driver.sv", 144: 

*Error* Syntax error at ,
"./../uvm_tb/uart_driver.sv", 144: 

*Warning* failed to find the class 'uvm_monitor'.
"./../uvm_tb/apb_monitor.sv", 3: 

*Error* macro `uvm_component_utils not defined
"./../uvm_tb/apb_monitor.sv", 5: 

*Error* Syntax error at #
"./../uvm_tb/apb_monitor.sv", 16: 

*Error* Syntax error at parent
"./../uvm_tb/apb_monitor.sv", 27: 

*Error* Syntax error at phase
"./../uvm_tb/apb_monitor.sv", 33: 

*Error* Syntax error at phase
"./../uvm_tb/apb_monitor.sv", 34: 

*Error* Syntax error at phase
"./../uvm_tb/apb_monitor.sv", 40: 

*Error* Syntax error at super
"./../uvm_tb/apb_monitor.sv", 41: 

*Error* macro `uvm_fatal not defined
"./../uvm_tb/apb_monitor.sv", 43: 

*Error* Syntax error at ".vifapb"
"./../uvm_tb/apb_monitor.sv", 43: 

*Error* Syntax error at phase
"./../uvm_tb/apb_monitor.sv", 50: 

*Error* macro `uvm_info not defined
"./../uvm_tb/apb_monitor.sv", 69: 

*Error* Syntax error at ,
"./../uvm_tb/apb_monitor.sv", 69: 

*Warning* failed to find the class 'uvm_monitor'.
"./../uvm_tb/uart_monitor.sv", 3: 

*Error* macro `uvm_component_utils not defined
"./../uvm_tb/uart_monitor.sv", 5: 

*Error* Syntax error at #
"./../uvm_tb/uart_monitor.sv", 18: 

*Error* Syntax error at parent
"./../uvm_tb/uart_monitor.sv", 34: 

*Error* Syntax error at phase
"./../uvm_tb/uart_monitor.sv", 40: 

*Error* Syntax error at phase
"./../uvm_tb/uart_monitor.sv", 43: 

*Error* Syntax error at phase
"./../uvm_tb/uart_monitor.sv", 50: 

*Error* Syntax error at super
"./../uvm_tb/uart_monitor.sv", 51: 

*Error* macro `uvm_fatal not defined
"./../uvm_tb/uart_monitor.sv", 53: 

*Error* Syntax error at ".cfg"
"./../uvm_tb/uart_monitor.sv", 53: 

*Error* macro `uvm_fatal not defined
"./../uvm_tb/uart_monitor.sv", 55: 

*Error* Syntax error at ".vifuart"
"./../uvm_tb/uart_monitor.sv", 55: 

*Error* Syntax error at phase
"./../uvm_tb/uart_monitor.sv", 63: 

*Error* Syntax error at super
"./../uvm_tb/uart_monitor.sv", 64: 

*Error* macro `uvm_error not defined
"./../uvm_tb/uart_monitor.sv", 84: 

*Error* Syntax error at )
"./../uvm_tb/uart_monitor.sv", 84: 

*Warning* failed to find the class 'uvm_agent'.
"./../uvm_tb/apb_agent.sv", 1: 

*Error* macro `uvm_component_utils not defined
"./../uvm_tb/apb_agent.sv", 3: 

*Error* Syntax error at parent
"./../uvm_tb/apb_agent.sv", 15: 

*Error* Syntax error at phase
"./../uvm_tb/apb_agent.sv", 19: 

*Error* Syntax error at phase
"./../uvm_tb/apb_agent.sv", 20: 

*Error* Syntax error at phase
"./../uvm_tb/apb_agent.sv", 27: 

*Error* Syntax error at super
"./../uvm_tb/apb_agent.sv", 28: 

*Error* macro `uvm_fatal not defined
"./../uvm_tb/apb_agent.sv", 30: 

*Error* Syntax error at ".apb_cfg"
"./../uvm_tb/apb_agent.sv", 30: 

*Error* Syntax error at phase
"./../uvm_tb/apb_agent.sv", 43: 

*Warning* failed to find the class 'uvm_agent'.
"./../uvm_tb/uart_agent.sv", 1: 

*Error* macro `uvm_component_utils not defined
"./../uvm_tb/uart_agent.sv", 3: 

*Error* Syntax error at parent
"./../uvm_tb/uart_agent.sv", 14: 

*Error* Syntax error at phase
"./../uvm_tb/uart_agent.sv", 18: 

*Error* Syntax error at phase
"./../uvm_tb/uart_agent.sv", 19: 

*Error* Syntax error at phase
"./../uvm_tb/uart_agent.sv", 26: 

*Error* Syntax error at super
"./../uvm_tb/uart_agent.sv", 27: 

*Error* macro `uvm_fatal not defined
"./../uvm_tb/uart_agent.sv", 29: 

*Error* Syntax error at ".cfg"
"./../uvm_tb/uart_agent.sv", 29: 

*Error* Syntax error at phase
"./../uvm_tb/uart_agent.sv", 42: 

*Error* macro `uvm_analysis_imp_decl not defined
"./../uvm_tb/apbuart_scoreboard.sv", 6: 

*Error* macro `uvm_analysis_imp_decl not defined
"./../uvm_tb/apbuart_scoreboard.sv", 7: 

*Error* macro `uvm_analysis_imp_decl not defined
"./../uvm_tb/apbuart_scoreboard.sv", 8: 

*Warning* failed to find the class 'uvm_scoreboard'.
"./../uvm_tb/apbuart_scoreboard.sv", 10: 

*Error* macro `uvm_component_utils not defined
"./../uvm_tb/apbuart_scoreboard.sv", 11: 

*Error* Syntax error at #
"./../uvm_tb/apbuart_scoreboard.sv", 35: 

*Error* Syntax error at #
"./../uvm_tb/apbuart_scoreboard.sv", 36: 

*Error* Syntax error at #
"./../uvm_tb/apbuart_scoreboard.sv", 37: 

*Error* Syntax error at parent
"./../uvm_tb/apbuart_scoreboard.sv", 42: 

*Error* Syntax error at phase
"./../uvm_tb/apbuart_scoreboard.sv", 46: 

*Error* Syntax error at phase
"./../uvm_tb/apbuart_scoreboard.sv", 53: 

*Error* Syntax error at phase
"./../uvm_tb/apbuart_scoreboard.sv", 60: 

*Error* Syntax error at super
"./../uvm_tb/apbuart_scoreboard.sv", 61: 

*Error* macro `uvm_fatal not defined
"./../uvm_tb/apbuart_scoreboard.sv", 63: 

*Error* Syntax error at ".cfg"
"./../uvm_tb/apbuart_scoreboard.sv", 63: 

*Error* Syntax error at phase
"./../uvm_tb/apbuart_scoreboard.sv", 98: 

*Error* macro `uvm_error not defined
"./../uvm_tb/apbuart_scoreboard.sv", 115: 

*Error* Syntax error at )
"./../uvm_tb/apbuart_scoreboard.sv", 115: 

*Error* macro `uvm_info not defined
"./../uvm_tb/apbuart_scoreboard.sv", 142: 

*Error* Syntax error at ,
"./../uvm_tb/apbuart_scoreboard.sv", 142: 

*Error* Syntax error at else
"./../uvm_tb/apbuart_scoreboard.sv", 143: 

*Error* macro `uvm_error not defined
"./../uvm_tb/apbuart_scoreboard.sv", 144: 

*Error* Syntax error at )
"./../uvm_tb/apbuart_scoreboard.sv", 144: 

*Error* macro `uvm_info not defined
"./../uvm_tb/apbuart_scoreboard.sv", 145: 

*Error* Syntax error at ,
"./../uvm_tb/apbuart_scoreboard.sv", 145: 

*Error* macro `uvm_info not defined
"./../uvm_tb/apbuart_scoreboard.sv", 146: 

*Error* Syntax error at "------------------------------------\n"
"./../uvm_tb/apbuart_scoreboard.sv", 146: 

*Error* Syntax error at end
"./../uvm_tb/apbuart_scoreboard.sv", 147: 

*Error* macro `uvm_info not defined
"./../uvm_tb/apbuart_scoreboard.sv", 151: 

*Error* Syntax error at ,
"./../uvm_tb/apbuart_scoreboard.sv", 151: 

*Error* Syntax error at else
"./../uvm_tb/apbuart_scoreboard.sv", 152: 

*Error* macro `uvm_error not defined
"./../uvm_tb/apbuart_scoreboard.sv", 153: 

*Error* Syntax error at )
"./../uvm_tb/apbuart_scoreboard.sv", 153: 

*Error* macro `uvm_info not defined
"./../uvm_tb/apbuart_scoreboard.sv", 154: 

*Error* Syntax error at ,
"./../uvm_tb/apbuart_scoreboard.sv", 154: 

*Error* macro `uvm_info not defined
"./../uvm_tb/apbuart_scoreboard.sv", 155: 

*Error* Syntax error at "------------------------------------\n"
"./../uvm_tb/apbuart_scoreboard.sv", 155: 

*Error* Syntax error at end
"./../uvm_tb/apbuart_scoreboard.sv", 156: 

*Error* macro `uvm_info not defined
"./../uvm_tb/apbuart_scoreboard.sv", 160: 

*Error* Syntax error at ,
"./../uvm_tb/apbuart_scoreboard.sv", 160: 

*Error* Syntax error at else
"./../uvm_tb/apbuart_scoreboard.sv", 161: 

*Error* macro `uvm_error not defined
"./../uvm_tb/apbuart_scoreboard.sv", 162: 

*Error* Syntax error at )
"./../uvm_tb/apbuart_scoreboard.sv", 162: 

*Error* macro `uvm_info not defined
"./../uvm_tb/apbuart_scoreboard.sv", 163: 

*Error* Syntax error at ,
"./../uvm_tb/apbuart_scoreboard.sv", 163: 

*Error* macro `uvm_info not defined
"./../uvm_tb/apbuart_scoreboard.sv", 164: 

*Error* Syntax error at "------------------------------------\n"
"./../uvm_tb/apbuart_scoreboard.sv", 164: 

*Error* Syntax error at end
"./../uvm_tb/apbuart_scoreboard.sv", 165: 

*Error* macro `uvm_info not defined
"./../uvm_tb/apbuart_scoreboard.sv", 169: 

*Error* Syntax error at ,
"./../uvm_tb/apbuart_scoreboard.sv", 169: 

*Error* Syntax error at else
"./../uvm_tb/apbuart_scoreboard.sv", 170: 

*Error* macro `uvm_error not defined
"./../uvm_tb/apbuart_scoreboard.sv", 171: 

*Error* Syntax error at )
"./../uvm_tb/apbuart_scoreboard.sv", 171: 

*Error* macro `uvm_info not defined
"./../uvm_tb/apbuart_scoreboard.sv", 172: 

*Error* Syntax error at ,
"./../uvm_tb/apbuart_scoreboard.sv", 172: 

*Error* macro `uvm_info not defined
"./../uvm_tb/apbuart_scoreboard.sv", 173: 

*Error* Syntax error at "------------------------------------\n"
"./../uvm_tb/apbuart_scoreboard.sv", 173: 

*Error* Syntax error at end
"./../uvm_tb/apbuart_scoreboard.sv", 174: 

*Error* macro `uvm_info not defined
"./../uvm_tb/apbuart_scoreboard.sv", 179: 

*Error* Syntax error at ,
"./../uvm_tb/apbuart_scoreboard.sv", 179: 

*Error* Syntax error at else
"./../uvm_tb/apbuart_scoreboard.sv", 180: 

*Error* macro `uvm_error not defined
"./../uvm_tb/apbuart_scoreboard.sv", 181: 

*Error* Syntax error at )
"./../uvm_tb/apbuart_scoreboard.sv", 181: 

*Error* macro `uvm_info not defined
"./../uvm_tb/apbuart_scoreboard.sv", 182: 

*Error* Syntax error at ,
"./../uvm_tb/apbuart_scoreboard.sv", 182: 

*Error* macro `uvm_info not defined
"./../uvm_tb/apbuart_scoreboard.sv", 183: 

*Error* Syntax error at "------------------------------------\n"
"./../uvm_tb/apbuart_scoreboard.sv", 183: 

*Error* macro `uvm_info not defined
"./../uvm_tb/apbuart_scoreboard.sv", 188: 

*Error* Syntax error at ,
"./../uvm_tb/apbuart_scoreboard.sv", 188: 

*Error* Syntax error at else
"./../uvm_tb/apbuart_scoreboard.sv", 189: 

*Error* macro `uvm_error not defined
"./../uvm_tb/apbuart_scoreboard.sv", 190: 

*Error* Syntax error at )
"./../uvm_tb/apbuart_scoreboard.sv", 190: 

*Error* macro `uvm_info not defined
"./../uvm_tb/apbuart_scoreboard.sv", 191: 

*Error* Syntax error at ,
"./../uvm_tb/apbuart_scoreboard.sv", 191: 

*Error* macro `uvm_info not defined
"./../uvm_tb/apbuart_scoreboard.sv", 192: 

*Error* Syntax error at "------------------------------------\n"
"./../uvm_tb/apbuart_scoreboard.sv", 192: 

*Error* macro `uvm_info not defined
"./../uvm_tb/apbuart_scoreboard.sv", 199: 

*Error* Syntax error at ,
"./../uvm_tb/apbuart_scoreboard.sv", 199: 

*Error* Syntax error at else
"./../uvm_tb/apbuart_scoreboard.sv", 200: 

*Error* macro `uvm_error not defined
"./../uvm_tb/apbuart_scoreboard.sv", 201: 

*Error* Syntax error at )
"./../uvm_tb/apbuart_scoreboard.sv", 201: 

*Error* macro `uvm_info not defined
"./../uvm_tb/apbuart_scoreboard.sv", 202: 

*Error* Syntax error at ,
"./../uvm_tb/apbuart_scoreboard.sv", 202: 

*Error* macro `uvm_info not defined
"./../uvm_tb/apbuart_scoreboard.sv", 203: 

*Error* Syntax error at "------------------------------------\n"
"./../uvm_tb/apbuart_scoreboard.sv", 203: 

*Error* Syntax error at end
"./../uvm_tb/apbuart_scoreboard.sv", 204: 

*Error* Syntax error at else
"./../uvm_tb/apbuart_scoreboard.sv", 205: 

*Error* macro `uvm_info not defined
"./../uvm_tb/apbuart_scoreboard.sv", 208: 

*Error* Syntax error at ,
"./../uvm_tb/apbuart_scoreboard.sv", 208: 

*Error* Syntax error at else
"./../uvm_tb/apbuart_scoreboard.sv", 209: 

*Error* macro `uvm_error not defined
"./../uvm_tb/apbuart_scoreboard.sv", 210: 

*Error* Syntax error at )
"./../uvm_tb/apbuart_scoreboard.sv", 210: 

*Error* macro `uvm_info not defined
"./../uvm_tb/apbuart_scoreboard.sv", 211: 

*Error* Syntax error at ,
"./../uvm_tb/apbuart_scoreboard.sv", 211: 

*Error* macro `uvm_info not defined
"./../uvm_tb/apbuart_scoreboard.sv", 212: 

*Error* Syntax error at "------------------------------------\n"
"./../uvm_tb/apbuart_scoreboard.sv", 212: 

*Error* Syntax error at end
"./../uvm_tb/apbuart_scoreboard.sv", 213: 

*Warning* failed to find the class 'uvm_env'.
"./../uvm_tb/apbuart_environment.sv", 1: 

*Error* macro `uvm_component_utils not defined
"./../uvm_tb/apbuart_environment.sv", 3: 

*Error* Syntax error at parent
"./../uvm_tb/apbuart_environment.sv", 17: 

*Error* Syntax error at phase
"./../uvm_tb/apbuart_environment.sv", 21: 

*Error* Syntax error at phase
"./../uvm_tb/apbuart_environment.sv", 22: 

*Error* Syntax error at phase
"./../uvm_tb/apbuart_environment.sv", 29: 

*Error* Syntax error at super
"./../uvm_tb/apbuart_environment.sv", 30: 

*Error* Syntax error at phase
"./../uvm_tb/apbuart_environment.sv", 42: 

*Error* Syntax error at super
"./../uvm_tb/apbuart_environment.sv", 43: 

*Warning* failed to find the class 'uvm_test'.
"./../uvm_tb/apbuart_base_test.sv", 1: 

*Error* macro `uvm_component_utils not defined
"./../uvm_tb/apbuart_base_test.sv", 2: 

*Error* Syntax error at parent
"./../uvm_tb/apbuart_base_test.sv", 9: 

*Error* Syntax error at phase
"./../uvm_tb/apbuart_base_test.sv", 13: 

*Error* Syntax error at phase
"./../uvm_tb/apbuart_base_test.sv", 17: 

*Error* Syntax error at phase
"./../uvm_tb/apbuart_base_test.sv", 21: 

*Error* Syntax error at super
"./../uvm_tb/apbuart_base_test.sv", 22: 

*Error* macro `uvm_error not defined
"./../uvm_tb/apbuart_base_test.sv", 38: 

*Error* Syntax error at end
"./../uvm_tb/apbuart_base_test.sv", 39: 

*Error* Syntax error at else
"./../uvm_tb/apbuart_base_test.sv", 40: 

*Error* macro `uvm_error not defined
"./../uvm_tb/apbuart_base_test.sv", 52: 

*Error* Syntax error at end
"./../uvm_tb/apbuart_base_test.sv", 53: 

*Error* Syntax error at else
"./../uvm_tb/apbuart_base_test.sv", 54: 

*Error* Syntax error at phase
"./../uvm_tb/apbuart_base_test.sv", 71: 

*Error* Syntax error at svr
"./../uvm_tb/apbuart_base_test.sv", 72: 

*Error* Syntax error at super
"./../uvm_tb/apbuart_base_test.sv", 73: 

*Error* macro `uvm_info not defined
"./../uvm_tb/apbuart_base_test.sv", 78: 

*Error* Syntax error at "---------------------------------------"
"./../uvm_tb/apbuart_base_test.sv", 78: 

*Error* macro `uvm_info not defined
"./../uvm_tb/apbuart_base_test.sv", 79: 

*Error* Syntax error at "----            TEST FAIL          ----"
"./../uvm_tb/apbuart_base_test.sv", 79: 

*Error* macro `uvm_info not defined
"./../uvm_tb/apbuart_base_test.sv", 80: 

*Error* Syntax error at "---------------------------------------"
"./../uvm_tb/apbuart_base_test.sv", 80: 

*Error* Syntax error at end
"./../uvm_tb/apbuart_base_test.sv", 81: 

*Error* Syntax error at else
"./../uvm_tb/apbuart_base_test.sv", 82: 

*Error* macro `uvm_info not defined
"./../uvm_tb/apbuart_base_test.sv", 84: 

*Error* Syntax error at "---------------------------------------"
"./../uvm_tb/apbuart_base_test.sv", 84: 

*Error* macro `uvm_info not defined
"./../uvm_tb/apbuart_base_test.sv", 85: 

*Error* Syntax error at "----           TEST PASS           ----"
"./../uvm_tb/apbuart_base_test.sv", 85: 

*Error* macro `uvm_info not defined
"./../uvm_tb/apbuart_base_test.sv", 86: 

*Error* Syntax error at "---------------------------------------"
"./../uvm_tb/apbuart_base_test.sv", 86: 

*Error* Syntax error at end
"./../uvm_tb/apbuart_base_test.sv", 87: 

*Error* macro `uvm_error not defined
"./../uvm_tb/apbuart_property.sv", 34: 

*Error* Syntax error at property
"./../uvm_tb/apbuart_property.sv", 43: 

*Error* Syntax error at @
"./../uvm_tb/apbuart_property.sv", 44: 

*Error* Syntax error at $rose
"./../uvm_tb/apbuart_property.sv", 45: 

*Error* Syntax error at endproperty
"./../uvm_tb/apbuart_property.sv", 46: 

*Error* macro `uvm_error not defined
"./../uvm_tb/apbuart_property.sv", 50: 

*Error* Syntax error at property
"./../uvm_tb/apbuart_property.sv", 58: 

*Error* Syntax error at @
"./../uvm_tb/apbuart_property.sv", 59: 

*Error* Syntax error at (
"./../uvm_tb/apbuart_property.sv", 60: 

*Error* Syntax error at endproperty
"./../uvm_tb/apbuart_property.sv", 61: 

*Error* macro `uvm_error not defined
"./../uvm_tb/apbuart_property.sv", 65: 

*Error* Syntax error at property
"./../uvm_tb/apbuart_property.sv", 73: 

*Error* Syntax error at @
"./../uvm_tb/apbuart_property.sv", 74: 

*Error* Syntax error at (
"./../uvm_tb/apbuart_property.sv", 75: 

*Error* Syntax error at endproperty
"./../uvm_tb/apbuart_property.sv", 76: 

*Error* macro `uvm_error not defined
"./../uvm_tb/apbuart_property.sv", 80: 

*Error* Syntax error at property
"./../uvm_tb/apbuart_property.sv", 88: 

*Error* Syntax error at @
"./../uvm_tb/apbuart_property.sv", 89: 

*Error* Syntax error at (
"./../uvm_tb/apbuart_property.sv", 90: 

*Error* Syntax error at endproperty
"./../uvm_tb/apbuart_property.sv", 91: 

*Error* macro `uvm_error not defined
"./../uvm_tb/apbuart_property.sv", 95: 

*Error* Syntax error at property
"./../uvm_tb/apbuart_property.sv", 103: 

*Error* Syntax error at @
"./../uvm_tb/apbuart_property.sv", 104: 

*Error* Syntax error at (
"./../uvm_tb/apbuart_property.sv", 105: 

*Error* Syntax error at endproperty
"./../uvm_tb/apbuart_property.sv", 106: 

*Error* macro `uvm_error not defined
"./../uvm_tb/apbuart_property.sv", 110: 

*Error* Syntax error at property
"./../uvm_tb/apbuart_property.sv", 118: 

*Error* Syntax error at @
"./../uvm_tb/apbuart_property.sv", 119: 

*Error* Syntax error at (
"./../uvm_tb/apbuart_property.sv", 120: 

*Error* Syntax error at endproperty
"./../uvm_tb/apbuart_property.sv", 121: 

*Error* macro `uvm_error not defined
"./../uvm_tb/apbuart_property.sv", 125: 

*Error* Syntax error at property
"./../uvm_tb/apbuart_property.sv", 135: 

*Error* Syntax error at @
"./../uvm_tb/apbuart_property.sv", 136: 

*Error* Syntax error at |->
"./../uvm_tb/apbuart_property.sv", 137: 

*Error* Syntax error at endproperty
"./../uvm_tb/apbuart_property.sv", 138: 

*Error* macro `uvm_error not defined
"./../uvm_tb/apbuart_property.sv", 142: 

*Error* Syntax error at endmodule
"./../uvm_tb/apbuart_property.sv", 145: 

*Error* macro `uvm_component_utils not defined
"./../uvm_tb/apbuart_config_test.sv", 2: 

*Error* Syntax error at parent
"./../uvm_tb/apbuart_config_test.sv", 6: 

*Error* Syntax error at phase
"./../uvm_tb/apbuart_config_test.sv", 10: 

*Error* Syntax error at phase
"./../uvm_tb/apbuart_config_test.sv", 11: 

*Error* Syntax error at phase
"./../uvm_tb/apbuart_config_test.sv", 15: 

*Error* Syntax error at phase
"./../uvm_tb/apbuart_config_test.sv", 20: 

*Error* macro `uvm_component_utils not defined
"./../uvm_tb/apbuart_data_compare_test.sv", 2: 

*Error* Syntax error at parent
"./../uvm_tb/apbuart_data_compare_test.sv", 8: 

*Error* Syntax error at phase
"./../uvm_tb/apbuart_data_compare_test.sv", 12: 

*Error* Syntax error at phase
"./../uvm_tb/apbuart_data_compare_test.sv", 13: 

*Error* Syntax error at phase
"./../uvm_tb/apbuart_data_compare_test.sv", 17: 

*Error* Syntax error at phase
"./../uvm_tb/apbuart_data_compare_test.sv", 23: 

*Error* macro `uvm_component_utils not defined
"./../uvm_tb/apbuart_parity_error_test.sv", 2: 

*Error* Syntax error at parent
"./../uvm_tb/apbuart_parity_error_test.sv", 6: 

*Error* Syntax error at phase
"./../uvm_tb/apbuart_parity_error_test.sv", 10: 

*Error* Syntax error at phase
"./../uvm_tb/apbuart_parity_error_test.sv", 11: 

*Error* Syntax error at phase
"./../uvm_tb/apbuart_parity_error_test.sv", 15: 

*Error* Syntax error at phase
"./../uvm_tb/apbuart_parity_error_test.sv", 20: 

*Error* macro `uvm_component_utils not defined
"./../uvm_tb/apbuart_frame_error_test.sv", 2: 

*Error* Syntax error at parent
"./../uvm_tb/apbuart_frame_error_test.sv", 6: 

*Error* Syntax error at phase
"./../uvm_tb/apbuart_frame_error_test.sv", 10: 

*Error* Syntax error at phase
"./../uvm_tb/apbuart_frame_error_test.sv", 11: 

*Error* Syntax error at phase
"./../uvm_tb/apbuart_frame_error_test.sv", 15: 

*Error* Syntax error at phase
"./../uvm_tb/apbuart_frame_error_test.sv", 20: 

*Error* macro `uvm_component_utils not defined
"./../uvm_tb/apbuart_free_error_test.sv", 2: 

*Error* Syntax error at parent
"./../uvm_tb/apbuart_free_error_test.sv", 6: 

*Error* Syntax error at phase
"./../uvm_tb/apbuart_free_error_test.sv", 10: 

*Error* Syntax error at phase
"./../uvm_tb/apbuart_free_error_test.sv", 11: 

*Error* Syntax error at phase
"./../uvm_tb/apbuart_free_error_test.sv", 15: 

*Error* Syntax error at phase
"./../uvm_tb/apbuart_free_error_test.sv", 20: 

*Error* macro `uvm_component_utils not defined
"./../uvm_tb/apbuart_rec_drv_test.sv", 2: 

*Error* Syntax error at parent
"./../uvm_tb/apbuart_rec_drv_test.sv", 8: 

*Error* Syntax error at phase
"./../uvm_tb/apbuart_rec_drv_test.sv", 12: 

*Error* Syntax error at phase
"./../uvm_tb/apbuart_rec_drv_test.sv", 13: 

*Error* Syntax error at phase
"./../uvm_tb/apbuart_rec_drv_test.sv", 17: 

*Error* Syntax error at phase
"./../uvm_tb/apbuart_rec_drv_test.sv", 23: 

*Error* macro `uvm_component_utils not defined
"./../uvm_tb/apbuart_rec_readreg_test.sv", 2: 

*Error* Syntax error at parent
"./../uvm_tb/apbuart_rec_readreg_test.sv", 11: 

*Error* Syntax error at phase
"./../uvm_tb/apbuart_rec_readreg_test.sv", 15: 

*Error* Syntax error at phase
"./../uvm_tb/apbuart_rec_readreg_test.sv", 16: 

*Error* Syntax error at phase
"./../uvm_tb/apbuart_rec_readreg_test.sv", 20: 

*Error* Syntax error at phase
"./../uvm_tb/apbuart_rec_readreg_test.sv", 31: 
Highest level modules:
tbench_top


*Error* failed to find identifier trans_collected.sprint
"./../uvm_tb/apb_monitor.sv", 69: 

*Warning* 'uvm_sequencer' is not a parameter type.
"./../uvm_tb/clk_sequencer.sv", 2: 

*Warning* 'uvm_sequence' is not a parameter type.
"./../uvm_tb/clk_sequence.sv", 1: 

*Warning* 'uvm_driver' is not a parameter type.
"./../uvm_tb/clk_driver.sv", 1: 

*Warning* 'uvm_sequence' is not a parameter type.
"./../uvm_tb/apb_sequence.sv", 1: 

*Warning* 'uvm_sequence' is not a parameter type.
"./../uvm_tb/apb_sequence.sv", 15: 

*Warning* 'uvm_sequence' is not a parameter type.
"./../uvm_tb/apb_sequence.sv", 28: 

*Warning* 'uvm_sequence' is not a parameter type.
"./../uvm_tb/uart_sequence.sv", 1: 

*Warning* 'uvm_sequence' is not a parameter type.
"./../uvm_tb/uart_sequence.sv", 12: 

*Warning* 'uvm_sequence' is not a parameter type.
"./../uvm_tb/uart_sequence.sv", 23: 

*Warning* 'uvm_sequence' is not a parameter type.
"./../uvm_tb/uart_sequence.sv", 34: 

*Warning* 'uvm_sequencer' is not a parameter type.
"./../uvm_tb/apb_sequencer.sv", 1: 

*Warning* 'uvm_sequencer' is not a parameter type.
"./../uvm_tb/uart_sequencer.sv", 1: 

*Warning* 'uvm_driver' is not a parameter type.
"./../uvm_tb/apb_driver.sv", 3: 

*Warning* 'uvm_driver' is not a parameter type.
"./../uvm_tb/uart_driver.sv", 3: 

*Error* failed to find identifier ACCESS_state
"./../uvm_tb/apbuart_property.sv", 47: 

*Error* failed to find identifier valid_PWRITE_PADDR_in_SETUP
"./../uvm_tb/apbuart_property.sv", 62: 

*Error* failed to find identifier valid_PWDATA_in_write_operation
"./../uvm_tb/apbuart_property.sv", 77: 

*Error* failed to find identifier stable_PWRITE_PADDR_in_ACCESS
"./../uvm_tb/apbuart_property.sv", 92: 

*Error* failed to find identifier stable_PWDATA_during_write_operation
"./../uvm_tb/apbuart_property.sv", 107: 

*Error* failed to find identifier valid_PRDATA_in_read_operation
"./../uvm_tb/apbuart_property.sv", 122: 

*Error* failed to find identifier PSELx_and_PENABLE_multiple_operation
"./../uvm_tb/apbuart_property.sv", 139: 

*Error* failed to find identifier uvm_config_db(apb_if)::set
"./../uvm_tb/testbench.sv", 40: 

*Error* failed to find identifier uvm_root::get
"./../uvm_tb/testbench.sv", 40: 

*Error* failed to find identifier uvm_config_db(uart_if)::set
"./../uvm_tb/testbench.sv", 41: 

*Error* failed to find identifier uvm_root::get
"./../uvm_tb/testbench.sv", 41: 

*Error* failed to find identifier uvm_config_db(clk_rst_interface)::set
"./../uvm_tb/testbench.sv", 42: 

*Error* failed to find identifier uvm_root::get
"./../uvm_tb/testbench.sv", 42: 

*Error* failed to find identifier run_test
"./../uvm_tb/testbench.sv", 48: 
Total	514 error(s),   65 warning(s)
